<?xml version="1.0" encoding="UTF-8"?>
<!-- Generated by org.testng.reporters.JUnitReportReporter -->
<testsuite hostname="DESKTOP-J77JK71" failures="0" tests="1" name="VerifyPOM.VerifyLoginPage" time="22.065" errors="0" timestamp="2023-11-28T11:53:29 IST" skipped="0">
  <testcase classname="VerifyPOM.VerifyLoginPage" name="VerifyLoignScenarios" time="22.065"/>
</testsuite> <!-- VerifyPOM.VerifyLoginPage -->
